<?xml version="1.0" encoding="UTF-8"?>
<testsuite xmlns:xsi="http://www.w3.org/2001/XMLSchema-instance" xsi:noNamespaceSchemaLocation="https://maven.apache.org/surefire/maven-surefire-plugin/xsd/surefire-test-report.xsd" name="br.com.erudio.integrationtests.controller.withyaml.BookControllerYamlTest" time="0.627" tests="7" errors="0" skipped="0" failures="0">
  <properties>
    <property name="java.specification.version" value="18"/>
    <property name="sun.cpu.isalist" value="amd64"/>
    <property name="sun.jnu.encoding" value="Cp1252"/>
    <property name="java.class.path" value="D:\ApplicationsJava\rest-with-spring-boot-and-java-erudio\22_DeploingOurAppToAWS\rest-with-spring-boot-and-java-erudio\target\test-classes;D:\ApplicationsJava\rest-with-spring-boot-and-java-erudio\22_DeploingOurAppToAWS\rest-with-spring-boot-and-java-erudio\target\classes;C:\Users\Vinicius\.m2\repository\org\springframework\boot\spring-boot-starter-web\3.0.0-M4\spring-boot-starter-web-3.0.0-M4.jar;C:\Users\Vinicius\.m2\repository\org\springframework\boot\spring-boot-starter\3.0.0-M4\spring-boot-starter-3.0.0-M4.jar;C:\Users\Vinicius\.m2\repository\org\springframework\boot\spring-boot\3.0.0-M4\spring-boot-3.0.0-M4.jar;C:\Users\Vinicius\.m2\repository\org\springframework\boot\spring-boot-autoconfigure\3.0.0-M4\spring-boot-autoconfigure-3.0.0-M4.jar;C:\Users\Vinicius\.m2\repository\org\springframework\boot\spring-boot-starter-logging\3.0.0-M4\spring-boot-starter-logging-3.0.0-M4.jar;C:\Users\Vinicius\.m2\repository\ch\qos\logback\logback-classic\1.2.11\logback-classic-1.2.11.jar;C:\Users\Vinicius\.m2\repository\ch\qos\logback\logback-core\1.2.11\logback-core-1.2.11.jar;C:\Users\Vinicius\.m2\repository\org\apache\logging\log4j\log4j-to-slf4j\2.18.0\log4j-to-slf4j-2.18.0.jar;C:\Users\Vinicius\.m2\repository\org\apache\logging\log4j\log4j-api\2.18.0\log4j-api-2.18.0.jar;C:\Users\Vinicius\.m2\repository\org\slf4j\jul-to-slf4j\1.7.36\jul-to-slf4j-1.7.36.jar;C:\Users\Vinicius\.m2\repository\jakarta\annotation\jakarta.annotation-api\2.0.0\jakarta.annotation-api-2.0.0.jar;C:\Users\Vinicius\.m2\repository\org\springframework\boot\spring-boot-starter-json\3.0.0-M4\spring-boot-starter-json-3.0.0-M4.jar;C:\Users\Vinicius\.m2\repository\com\fasterxml\jackson\datatype\jackson-datatype-jdk8\2.13.3\jackson-datatype-jdk8-2.13.3.jar;C:\Users\Vinicius\.m2\repository\com\fasterxml\jackson\datatype\jackson-datatype-jsr310\2.13.3\jackson-datatype-jsr310-2.13.3.jar;C:\Users\Vinicius\.m2\repository\com\fasterxml\jackson\module\jackson-module-parameter-names\2.13.3\jackson-module-parameter-names-2.13.3.jar;C:\Users\Vinicius\.m2\repository\org\springframework\boot\spring-boot-starter-tomcat\3.0.0-M4\spring-boot-starter-tomcat-3.0.0-M4.jar;C:\Users\Vinicius\.m2\repository\org\apache\tomcat\embed\tomcat-embed-core\10.0.22\tomcat-embed-core-10.0.22.jar;C:\Users\Vinicius\.m2\repository\org\apache\tomcat\embed\tomcat-embed-websocket\10.0.22\tomcat-embed-websocket-10.0.22.jar;C:\Users\Vinicius\.m2\repository\org\springframework\spring-web\6.0.0-M5\spring-web-6.0.0-M5.jar;C:\Users\Vinicius\.m2\repository\org\springframework\spring-webmvc\6.0.0-M5\spring-webmvc-6.0.0-M5.jar;C:\Users\Vinicius\.m2\repository\org\springframework\spring-expression\6.0.0-M5\spring-expression-6.0.0-M5.jar;C:\Users\Vinicius\.m2\repository\org\springframework\boot\spring-boot-configuration-processor\3.0.0-M4\spring-boot-configuration-processor-3.0.0-M4.jar;C:\Users\Vinicius\.m2\repository\org\springframework\boot\spring-boot-starter-validation\3.0.0-M4\spring-boot-starter-validation-3.0.0-M4.jar;C:\Users\Vinicius\.m2\repository\org\apache\tomcat\embed\tomcat-embed-el\10.0.22\tomcat-embed-el-10.0.22.jar;C:\Users\Vinicius\.m2\repository\org\hibernate\validator\hibernate-validator\7.0.4.Final\hibernate-validator-7.0.4.Final.jar;C:\Users\Vinicius\.m2\repository\jakarta\validation\jakarta.validation-api\3.0.2\jakarta.validation-api-3.0.2.jar;C:\Users\Vinicius\.m2\repository\org\jboss\logging\jboss-logging\3.5.0.Final\jboss-logging-3.5.0.Final.jar;C:\Users\Vinicius\.m2\repository\com\fasterxml\classmate\1.5.1\classmate-1.5.1.jar;C:\Users\Vinicius\.m2\repository\org\springframework\boot\spring-boot-starter-data-jpa\3.0.0-M4\spring-boot-starter-data-jpa-3.0.0-M4.jar;C:\Users\Vinicius\.m2\repository\org\springframework\boot\spring-boot-starter-aop\3.0.0-M4\spring-boot-starter-aop-3.0.0-M4.jar;C:\Users\Vinicius\.m2\repository\org\aspectj\aspectjweaver\1.9.9.1\aspectjweaver-1.9.9.1.jar;C:\Users\Vinicius\.m2\repository\org\springframework\boot\spring-boot-starter-jdbc\3.0.0-M4\spring-boot-starter-jdbc-3.0.0-M4.jar;C:\Users\Vinicius\.m2\repository\com\zaxxer\HikariCP\5.0.1\HikariCP-5.0.1.jar;C:\Users\Vinicius\.m2\repository\org\springframework\spring-jdbc\6.0.0-M5\spring-jdbc-6.0.0-M5.jar;C:\Users\Vinicius\.m2\repository\org\hibernate\orm\hibernate-core\6.1.1.Final\hibernate-core-6.1.1.Final.jar;C:\Users\Vinicius\.m2\repository\jakarta\persistence\jakarta.persistence-api\3.0.0\jakarta.persistence-api-3.0.0.jar;C:\Users\Vinicius\.m2\repository\jakarta\transaction\jakarta.transaction-api\2.0.1\jakarta.transaction-api-2.0.1.jar;C:\Users\Vinicius\.m2\repository\org\hibernate\common\hibernate-commons-annotations\6.0.2.Final\hibernate-commons-annotations-6.0.2.Final.jar;C:\Users\Vinicius\.m2\repository\org\jboss\jandex\2.4.2.Final\jandex-2.4.2.Final.jar;C:\Users\Vinicius\.m2\repository\org\glassfish\jaxb\jaxb-runtime\3.0.2\jaxb-runtime-3.0.2.jar;C:\Users\Vinicius\.m2\repository\org\glassfish\jaxb\jaxb-core\3.0.2\jaxb-core-3.0.2.jar;C:\Users\Vinicius\.m2\repository\org\glassfish\jaxb\txw2\3.0.2\txw2-3.0.2.jar;C:\Users\Vinicius\.m2\repository\com\sun\istack\istack-commons-runtime\4.0.1\istack-commons-runtime-4.0.1.jar;C:\Users\Vinicius\.m2\repository\jakarta\inject\jakarta.inject-api\2.0.0\jakarta.inject-api-2.0.0.jar;C:\Users\Vinicius\.m2\repository\org\antlr\antlr4-runtime\4.10\antlr4-runtime-4.10.jar;C:\Users\Vinicius\.m2\repository\org\springframework\data\spring-data-jpa\3.0.0-M5\spring-data-jpa-3.0.0-M5.jar;C:\Users\Vinicius\.m2\repository\org\springframework\data\spring-data-commons\3.0.0-M5\spring-data-commons-3.0.0-M5.jar;C:\Users\Vinicius\.m2\repository\org\springframework\spring-orm\6.0.0-M5\spring-orm-6.0.0-M5.jar;C:\Users\Vinicius\.m2\repository\org\springframework\spring-tx\6.0.0-M5\spring-tx-6.0.0-M5.jar;C:\Users\Vinicius\.m2\repository\org\springframework\spring-aspects\6.0.0-M5\spring-aspects-6.0.0-M5.jar;C:\Users\Vinicius\.m2\repository\mysql\mysql-connector-java\8.0.29\mysql-connector-java-8.0.29.jar;C:\Users\Vinicius\.m2\repository\org\springframework\hateoas\spring-hateoas\2.0.0-M5\spring-hateoas-2.0.0-M5.jar;C:\Users\Vinicius\.m2\repository\org\springframework\spring-aop\6.0.0-M5\spring-aop-6.0.0-M5.jar;C:\Users\Vinicius\.m2\repository\org\springframework\spring-beans\6.0.0-M5\spring-beans-6.0.0-M5.jar;C:\Users\Vinicius\.m2\repository\org\springframework\spring-context\6.0.0-M5\spring-context-6.0.0-M5.jar;C:\Users\Vinicius\.m2\repository\org\springframework\spring-core\6.0.0-M5\spring-core-6.0.0-M5.jar;C:\Users\Vinicius\.m2\repository\org\springframework\spring-jcl\6.0.0-M5\spring-jcl-6.0.0-M5.jar;C:\Users\Vinicius\.m2\repository\org\springframework\plugin\spring-plugin-core\3.0.0-M1\spring-plugin-core-3.0.0-M1.jar;C:\Users\Vinicius\.m2\repository\com\jayway\jsonpath\json-path\2.7.0\json-path-2.7.0.jar;C:\Users\Vinicius\.m2\repository\net\minidev\json-smart\2.4.8\json-smart-2.4.8.jar;C:\Users\Vinicius\.m2\repository\net\minidev\accessors-smart\2.4.8\accessors-smart-2.4.8.jar;C:\Users\Vinicius\.m2\repository\org\ow2\asm\asm\9.1\asm-9.1.jar;C:\Users\Vinicius\.m2\repository\org\slf4j\slf4j-api\1.7.36\slf4j-api-1.7.36.jar;C:\Users\Vinicius\.m2\repository\org\springframework\boot\spring-boot-starter-security\3.0.0-M4\spring-boot-starter-security-3.0.0-M4.jar;C:\Users\Vinicius\.m2\repository\org\springframework\security\spring-security-config\6.0.0-M6\spring-security-config-6.0.0-M6.jar;C:\Users\Vinicius\.m2\repository\org\springframework\security\spring-security-core\6.0.0-M6\spring-security-core-6.0.0-M6.jar;C:\Users\Vinicius\.m2\repository\org\springframework\security\spring-security-crypto\6.0.0-M6\spring-security-crypto-6.0.0-M6.jar;C:\Users\Vinicius\.m2\repository\org\springframework\security\spring-security-web\6.0.0-M6\spring-security-web-6.0.0-M6.jar;C:\Users\Vinicius\.m2\repository\com\auth0\java-jwt\4.0.0\java-jwt-4.0.0.jar;C:\Users\Vinicius\.m2\repository\com\fasterxml\jackson\core\jackson-databind\2.13.3\jackson-databind-2.13.3.jar;C:\Users\Vinicius\.m2\repository\com\fasterxml\jackson\dataformat\jackson-dataformat-xml\2.13.3\jackson-dataformat-xml-2.13.3.jar;C:\Users\Vinicius\.m2\repository\com\fasterxml\jackson\core\jackson-core\2.13.3\jackson-core-2.13.3.jar;C:\Users\Vinicius\.m2\repository\com\fasterxml\jackson\core\jackson-annotations\2.13.3\jackson-annotations-2.13.3.jar;C:\Users\Vinicius\.m2\repository\org\codehaus\woodstox\stax2-api\4.2.1\stax2-api-4.2.1.jar;C:\Users\Vinicius\.m2\repository\com\fasterxml\woodstox\woodstox-core\6.2.7\woodstox-core-6.2.7.jar;C:\Users\Vinicius\.m2\repository\com\fasterxml\jackson\dataformat\jackson-dataformat-yaml\2.13.3\jackson-dataformat-yaml-2.13.3.jar;C:\Users\Vinicius\.m2\repository\org\yaml\snakeyaml\1.30\snakeyaml-1.30.jar;C:\Users\Vinicius\.m2\repository\io\swagger\core\v3\swagger-models\2.2.1\swagger-models-2.2.1.jar;C:\Users\Vinicius\.m2\repository\io\swagger\core\v3\swagger-annotations\2.2.1\swagger-annotations-2.2.1.jar;C:\Users\Vinicius\.m2\repository\org\flywaydb\flyway-core\9.0.1\flyway-core-9.0.1.jar;C:\Users\Vinicius\.m2\repository\org\flywaydb\flyway-mysql\9.0.1\flyway-mysql-9.0.1.jar;C:\Users\Vinicius\.m2\repository\org\projectlombok\lombok\1.18.24\lombok-1.18.24.jar;C:\Users\Vinicius\.m2\repository\com\github\dozermapper\dozer-core\6.4.0\dozer-core-6.4.0.jar;C:\Users\Vinicius\.m2\repository\commons-beanutils\commons-beanutils\1.9.3\commons-beanutils-1.9.3.jar;C:\Users\Vinicius\.m2\repository\commons-collections\commons-collections\3.2.2\commons-collections-3.2.2.jar;C:\Users\Vinicius\.m2\repository\org\apache\commons\commons-lang3\3.12.0\commons-lang3-3.12.0.jar;C:\Users\Vinicius\.m2\repository\commons-io\commons-io\2.5\commons-io-2.5.jar;C:\Users\Vinicius\.m2\repository\javax\xml\bind\jaxb-api\2.2.11\jaxb-api-2.2.11.jar;C:\Users\Vinicius\.m2\repository\org\slf4j\jcl-over-slf4j\1.7.36\jcl-over-slf4j-1.7.36.jar;C:\Users\Vinicius\.m2\repository\org\objenesis\objenesis\2.6\objenesis-2.6.jar;C:\Users\Vinicius\.m2\repository\org\springframework\boot\spring-boot-starter-test\3.0.0-M4\spring-boot-starter-test-3.0.0-M4.jar;C:\Users\Vinicius\.m2\repository\org\springframework\boot\spring-boot-test\3.0.0-M4\spring-boot-test-3.0.0-M4.jar;C:\Users\Vinicius\.m2\repository\org\springframework\boot\spring-boot-test-autoconfigure\3.0.0-M4\spring-boot-test-autoconfigure-3.0.0-M4.jar;C:\Users\Vinicius\.m2\repository\jakarta\xml\bind\jakarta.xml.bind-api\3.0.1\jakarta.xml.bind-api-3.0.1.jar;C:\Users\Vinicius\.m2\repository\com\sun\activation\jakarta.activation\2.0.1\jakarta.activation-2.0.1.jar;C:\Users\Vinicius\.m2\repository\org\assertj\assertj-core\3.23.1\assertj-core-3.23.1.jar;C:\Users\Vinicius\.m2\repository\org\hamcrest\hamcrest\2.2\hamcrest-2.2.jar;C:\Users\Vinicius\.m2\repository\org\junit\jupiter\junit-jupiter\5.8.2\junit-jupiter-5.8.2.jar;C:\Users\Vinicius\.m2\repository\org\junit\jupiter\junit-jupiter-api\5.8.2\junit-jupiter-api-5.8.2.jar;C:\Users\Vinicius\.m2\repository\org\opentest4j\opentest4j\1.2.0\opentest4j-1.2.0.jar;C:\Users\Vinicius\.m2\repository\org\junit\platform\junit-platform-commons\1.8.2\junit-platform-commons-1.8.2.jar;C:\Users\Vinicius\.m2\repository\org\apiguardian\apiguardian-api\1.1.2\apiguardian-api-1.1.2.jar;C:\Users\Vinicius\.m2\repository\org\junit\jupiter\junit-jupiter-params\5.8.2\junit-jupiter-params-5.8.2.jar;C:\Users\Vinicius\.m2\repository\org\junit\jupiter\junit-jupiter-engine\5.8.2\junit-jupiter-engine-5.8.2.jar;C:\Users\Vinicius\.m2\repository\org\junit\platform\junit-platform-engine\1.8.2\junit-platform-engine-1.8.2.jar;C:\Users\Vinicius\.m2\repository\org\mockito\mockito-junit-jupiter\4.6.1\mockito-junit-jupiter-4.6.1.jar;C:\Users\Vinicius\.m2\repository\org\skyscreamer\jsonassert\1.5.1\jsonassert-1.5.1.jar;C:\Users\Vinicius\.m2\repository\com\vaadin\external\google\android-json\0.0.20131108.vaadin1\android-json-0.0.20131108.vaadin1.jar;C:\Users\Vinicius\.m2\repository\org\springframework\spring-test\6.0.0-M5\spring-test-6.0.0-M5.jar;C:\Users\Vinicius\.m2\repository\org\xmlunit\xmlunit-core\2.9.0\xmlunit-core-2.9.0.jar;C:\Users\Vinicius\.m2\repository\org\mockito\mockito-core\4.6.1\mockito-core-4.6.1.jar;C:\Users\Vinicius\.m2\repository\net\bytebuddy\byte-buddy\1.12.12\byte-buddy-1.12.12.jar;C:\Users\Vinicius\.m2\repository\net\bytebuddy\byte-buddy-agent\1.12.12\byte-buddy-agent-1.12.12.jar;C:\Users\Vinicius\.m2\repository\io\rest-assured\rest-assured\5.1.1\rest-assured-5.1.1.jar;C:\Users\Vinicius\.m2\repository\org\apache\groovy\groovy\4.0.3\groovy-4.0.3.jar;C:\Users\Vinicius\.m2\repository\org\apache\groovy\groovy-xml\4.0.3\groovy-xml-4.0.3.jar;C:\Users\Vinicius\.m2\repository\org\apache\httpcomponents\httpclient\4.5.13\httpclient-4.5.13.jar;C:\Users\Vinicius\.m2\repository\org\apache\httpcomponents\httpcore\4.4.15\httpcore-4.4.15.jar;C:\Users\Vinicius\.m2\repository\commons-codec\commons-codec\1.15\commons-codec-1.15.jar;C:\Users\Vinicius\.m2\repository\org\apache\httpcomponents\httpmime\4.5.13\httpmime-4.5.13.jar;C:\Users\Vinicius\.m2\repository\org\ccil\cowan\tagsoup\tagsoup\1.2.1\tagsoup-1.2.1.jar;C:\Users\Vinicius\.m2\repository\io\rest-assured\json-path\5.1.1\json-path-5.1.1.jar;C:\Users\Vinicius\.m2\repository\org\apache\groovy\groovy-json\4.0.3\groovy-json-4.0.3.jar;C:\Users\Vinicius\.m2\repository\io\rest-assured\rest-assured-common\5.1.1\rest-assured-common-5.1.1.jar;C:\Users\Vinicius\.m2\repository\io\rest-assured\xml-path\5.1.1\xml-path-5.1.1.jar;C:\Users\Vinicius\.m2\repository\org\testcontainers\mysql\1.17.2\mysql-1.17.2.jar;C:\Users\Vinicius\.m2\repository\org\testcontainers\jdbc\1.17.2\jdbc-1.17.2.jar;C:\Users\Vinicius\.m2\repository\org\testcontainers\database-commons\1.17.2\database-commons-1.17.2.jar;C:\Users\Vinicius\.m2\repository\org\testcontainers\testcontainers\1.17.2\testcontainers-1.17.2.jar;C:\Users\Vinicius\.m2\repository\junit\junit\4.13.2\junit-4.13.2.jar;C:\Users\Vinicius\.m2\repository\org\hamcrest\hamcrest-core\2.2\hamcrest-core-2.2.jar;C:\Users\Vinicius\.m2\repository\org\apache\commons\commons-compress\1.21\commons-compress-1.21.jar;C:\Users\Vinicius\.m2\repository\org\rnorth\duct-tape\duct-tape\1.0.8\duct-tape-1.0.8.jar;C:\Users\Vinicius\.m2\repository\org\jetbrains\annotations\17.0.0\annotations-17.0.0.jar;C:\Users\Vinicius\.m2\repository\com\github\docker-java\docker-java-api\3.2.13\docker-java-api-3.2.13.jar;C:\Users\Vinicius\.m2\repository\com\github\docker-java\docker-java-transport-zerodep\3.2.13\docker-java-transport-zerodep-3.2.13.jar;C:\Users\Vinicius\.m2\repository\com\github\docker-java\docker-java-transport\3.2.13\docker-java-transport-3.2.13.jar;C:\Users\Vinicius\.m2\repository\net\java\dev\jna\jna\5.8.0\jna-5.8.0.jar;"/>
    <property name="java.vm.vendor" value="Oracle Corporation"/>
    <property name="sun.arch.data.model" value="64"/>
    <property name="user.variant" value=""/>
    <property name="java.vendor.url" value="https://java.oracle.com/"/>
    <property name="user.timezone" value="America/Sao_Paulo"/>
    <property name="os.name" value="Windows 10"/>
    <property name="java.vm.specification.version" value="18"/>
    <property name="sun.java.launcher" value="SUN_STANDARD"/>
    <property name="user.country" value="BR"/>
    <property name="sun.boot.library.path" value="C:\Program Files\Java\jdk-18\bin"/>
    <property name="sun.java.command" value="C:\Users\Vinicius\AppData\Local\Temp\surefire14889041272924943091\surefirebooter18271898611858205512.jar C:\Users\Vinicius\AppData\Local\Temp\surefire14889041272924943091 2023-03-20T14-08-43_382-jvmRun1 surefire2453271789719504656tmp surefire_02249373762563900454tmp"/>
    <property name="jdk.debug" value="release"/>
    <property name="surefire.test.class.path" value="D:\ApplicationsJava\rest-with-spring-boot-and-java-erudio\22_DeploingOurAppToAWS\rest-with-spring-boot-and-java-erudio\target\test-classes;D:\ApplicationsJava\rest-with-spring-boot-and-java-erudio\22_DeploingOurAppToAWS\rest-with-spring-boot-and-java-erudio\target\classes;C:\Users\Vinicius\.m2\repository\org\springframework\boot\spring-boot-starter-web\3.0.0-M4\spring-boot-starter-web-3.0.0-M4.jar;C:\Users\Vinicius\.m2\repository\org\springframework\boot\spring-boot-starter\3.0.0-M4\spring-boot-starter-3.0.0-M4.jar;C:\Users\Vinicius\.m2\repository\org\springframework\boot\spring-boot\3.0.0-M4\spring-boot-3.0.0-M4.jar;C:\Users\Vinicius\.m2\repository\org\springframework\boot\spring-boot-autoconfigure\3.0.0-M4\spring-boot-autoconfigure-3.0.0-M4.jar;C:\Users\Vinicius\.m2\repository\org\springframework\boot\spring-boot-starter-logging\3.0.0-M4\spring-boot-starter-logging-3.0.0-M4.jar;C:\Users\Vinicius\.m2\repository\ch\qos\logback\logback-classic\1.2.11\logback-classic-1.2.11.jar;C:\Users\Vinicius\.m2\repository\ch\qos\logback\logback-core\1.2.11\logback-core-1.2.11.jar;C:\Users\Vinicius\.m2\repository\org\apache\logging\log4j\log4j-to-slf4j\2.18.0\log4j-to-slf4j-2.18.0.jar;C:\Users\Vinicius\.m2\repository\org\apache\logging\log4j\log4j-api\2.18.0\log4j-api-2.18.0.jar;C:\Users\Vinicius\.m2\repository\org\slf4j\jul-to-slf4j\1.7.36\jul-to-slf4j-1.7.36.jar;C:\Users\Vinicius\.m2\repository\jakarta\annotation\jakarta.annotation-api\2.0.0\jakarta.annotation-api-2.0.0.jar;C:\Users\Vinicius\.m2\repository\org\springframework\boot\spring-boot-starter-json\3.0.0-M4\spring-boot-starter-json-3.0.0-M4.jar;C:\Users\Vinicius\.m2\repository\com\fasterxml\jackson\datatype\jackson-datatype-jdk8\2.13.3\jackson-datatype-jdk8-2.13.3.jar;C:\Users\Vinicius\.m2\repository\com\fasterxml\jackson\datatype\jackson-datatype-jsr310\2.13.3\jackson-datatype-jsr310-2.13.3.jar;C:\Users\Vinicius\.m2\repository\com\fasterxml\jackson\module\jackson-module-parameter-names\2.13.3\jackson-module-parameter-names-2.13.3.jar;C:\Users\Vinicius\.m2\repository\org\springframework\boot\spring-boot-starter-tomcat\3.0.0-M4\spring-boot-starter-tomcat-3.0.0-M4.jar;C:\Users\Vinicius\.m2\repository\org\apache\tomcat\embed\tomcat-embed-core\10.0.22\tomcat-embed-core-10.0.22.jar;C:\Users\Vinicius\.m2\repository\org\apache\tomcat\embed\tomcat-embed-websocket\10.0.22\tomcat-embed-websocket-10.0.22.jar;C:\Users\Vinicius\.m2\repository\org\springframework\spring-web\6.0.0-M5\spring-web-6.0.0-M5.jar;C:\Users\Vinicius\.m2\repository\org\springframework\spring-webmvc\6.0.0-M5\spring-webmvc-6.0.0-M5.jar;C:\Users\Vinicius\.m2\repository\org\springframework\spring-expression\6.0.0-M5\spring-expression-6.0.0-M5.jar;C:\Users\Vinicius\.m2\repository\org\springframework\boot\spring-boot-configuration-processor\3.0.0-M4\spring-boot-configuration-processor-3.0.0-M4.jar;C:\Users\Vinicius\.m2\repository\org\springframework\boot\spring-boot-starter-validation\3.0.0-M4\spring-boot-starter-validation-3.0.0-M4.jar;C:\Users\Vinicius\.m2\repository\org\apache\tomcat\embed\tomcat-embed-el\10.0.22\tomcat-embed-el-10.0.22.jar;C:\Users\Vinicius\.m2\repository\org\hibernate\validator\hibernate-validator\7.0.4.Final\hibernate-validator-7.0.4.Final.jar;C:\Users\Vinicius\.m2\repository\jakarta\validation\jakarta.validation-api\3.0.2\jakarta.validation-api-3.0.2.jar;C:\Users\Vinicius\.m2\repository\org\jboss\logging\jboss-logging\3.5.0.Final\jboss-logging-3.5.0.Final.jar;C:\Users\Vinicius\.m2\repository\com\fasterxml\classmate\1.5.1\classmate-1.5.1.jar;C:\Users\Vinicius\.m2\repository\org\springframework\boot\spring-boot-starter-data-jpa\3.0.0-M4\spring-boot-starter-data-jpa-3.0.0-M4.jar;C:\Users\Vinicius\.m2\repository\org\springframework\boot\spring-boot-starter-aop\3.0.0-M4\spring-boot-starter-aop-3.0.0-M4.jar;C:\Users\Vinicius\.m2\repository\org\aspectj\aspectjweaver\1.9.9.1\aspectjweaver-1.9.9.1.jar;C:\Users\Vinicius\.m2\repository\org\springframework\boot\spring-boot-starter-jdbc\3.0.0-M4\spring-boot-starter-jdbc-3.0.0-M4.jar;C:\Users\Vinicius\.m2\repository\com\zaxxer\HikariCP\5.0.1\HikariCP-5.0.1.jar;C:\Users\Vinicius\.m2\repository\org\springframework\spring-jdbc\6.0.0-M5\spring-jdbc-6.0.0-M5.jar;C:\Users\Vinicius\.m2\repository\org\hibernate\orm\hibernate-core\6.1.1.Final\hibernate-core-6.1.1.Final.jar;C:\Users\Vinicius\.m2\repository\jakarta\persistence\jakarta.persistence-api\3.0.0\jakarta.persistence-api-3.0.0.jar;C:\Users\Vinicius\.m2\repository\jakarta\transaction\jakarta.transaction-api\2.0.1\jakarta.transaction-api-2.0.1.jar;C:\Users\Vinicius\.m2\repository\org\hibernate\common\hibernate-commons-annotations\6.0.2.Final\hibernate-commons-annotations-6.0.2.Final.jar;C:\Users\Vinicius\.m2\repository\org\jboss\jandex\2.4.2.Final\jandex-2.4.2.Final.jar;C:\Users\Vinicius\.m2\repository\org\glassfish\jaxb\jaxb-runtime\3.0.2\jaxb-runtime-3.0.2.jar;C:\Users\Vinicius\.m2\repository\org\glassfish\jaxb\jaxb-core\3.0.2\jaxb-core-3.0.2.jar;C:\Users\Vinicius\.m2\repository\org\glassfish\jaxb\txw2\3.0.2\txw2-3.0.2.jar;C:\Users\Vinicius\.m2\repository\com\sun\istack\istack-commons-runtime\4.0.1\istack-commons-runtime-4.0.1.jar;C:\Users\Vinicius\.m2\repository\jakarta\inject\jakarta.inject-api\2.0.0\jakarta.inject-api-2.0.0.jar;C:\Users\Vinicius\.m2\repository\org\antlr\antlr4-runtime\4.10\antlr4-runtime-4.10.jar;C:\Users\Vinicius\.m2\repository\org\springframework\data\spring-data-jpa\3.0.0-M5\spring-data-jpa-3.0.0-M5.jar;C:\Users\Vinicius\.m2\repository\org\springframework\data\spring-data-commons\3.0.0-M5\spring-data-commons-3.0.0-M5.jar;C:\Users\Vinicius\.m2\repository\org\springframework\spring-orm\6.0.0-M5\spring-orm-6.0.0-M5.jar;C:\Users\Vinicius\.m2\repository\org\springframework\spring-tx\6.0.0-M5\spring-tx-6.0.0-M5.jar;C:\Users\Vinicius\.m2\repository\org\springframework\spring-aspects\6.0.0-M5\spring-aspects-6.0.0-M5.jar;C:\Users\Vinicius\.m2\repository\mysql\mysql-connector-java\8.0.29\mysql-connector-java-8.0.29.jar;C:\Users\Vinicius\.m2\repository\org\springframework\hateoas\spring-hateoas\2.0.0-M5\spring-hateoas-2.0.0-M5.jar;C:\Users\Vinicius\.m2\repository\org\springframework\spring-aop\6.0.0-M5\spring-aop-6.0.0-M5.jar;C:\Users\Vinicius\.m2\repository\org\springframework\spring-beans\6.0.0-M5\spring-beans-6.0.0-M5.jar;C:\Users\Vinicius\.m2\repository\org\springframework\spring-context\6.0.0-M5\spring-context-6.0.0-M5.jar;C:\Users\Vinicius\.m2\repository\org\springframework\spring-core\6.0.0-M5\spring-core-6.0.0-M5.jar;C:\Users\Vinicius\.m2\repository\org\springframework\spring-jcl\6.0.0-M5\spring-jcl-6.0.0-M5.jar;C:\Users\Vinicius\.m2\repository\org\springframework\plugin\spring-plugin-core\3.0.0-M1\spring-plugin-core-3.0.0-M1.jar;C:\Users\Vinicius\.m2\repository\com\jayway\jsonpath\json-path\2.7.0\json-path-2.7.0.jar;C:\Users\Vinicius\.m2\repository\net\minidev\json-smart\2.4.8\json-smart-2.4.8.jar;C:\Users\Vinicius\.m2\repository\net\minidev\accessors-smart\2.4.8\accessors-smart-2.4.8.jar;C:\Users\Vinicius\.m2\repository\org\ow2\asm\asm\9.1\asm-9.1.jar;C:\Users\Vinicius\.m2\repository\org\slf4j\slf4j-api\1.7.36\slf4j-api-1.7.36.jar;C:\Users\Vinicius\.m2\repository\org\springframework\boot\spring-boot-starter-security\3.0.0-M4\spring-boot-starter-security-3.0.0-M4.jar;C:\Users\Vinicius\.m2\repository\org\springframework\security\spring-security-config\6.0.0-M6\spring-security-config-6.0.0-M6.jar;C:\Users\Vinicius\.m2\repository\org\springframework\security\spring-security-core\6.0.0-M6\spring-security-core-6.0.0-M6.jar;C:\Users\Vinicius\.m2\repository\org\springframework\security\spring-security-crypto\6.0.0-M6\spring-security-crypto-6.0.0-M6.jar;C:\Users\Vinicius\.m2\repository\org\springframework\security\spring-security-web\6.0.0-M6\spring-security-web-6.0.0-M6.jar;C:\Users\Vinicius\.m2\repository\com\auth0\java-jwt\4.0.0\java-jwt-4.0.0.jar;C:\Users\Vinicius\.m2\repository\com\fasterxml\jackson\core\jackson-databind\2.13.3\jackson-databind-2.13.3.jar;C:\Users\Vinicius\.m2\repository\com\fasterxml\jackson\dataformat\jackson-dataformat-xml\2.13.3\jackson-dataformat-xml-2.13.3.jar;C:\Users\Vinicius\.m2\repository\com\fasterxml\jackson\core\jackson-core\2.13.3\jackson-core-2.13.3.jar;C:\Users\Vinicius\.m2\repository\com\fasterxml\jackson\core\jackson-annotations\2.13.3\jackson-annotations-2.13.3.jar;C:\Users\Vinicius\.m2\repository\org\codehaus\woodstox\stax2-api\4.2.1\stax2-api-4.2.1.jar;C:\Users\Vinicius\.m2\repository\com\fasterxml\woodstox\woodstox-core\6.2.7\woodstox-core-6.2.7.jar;C:\Users\Vinicius\.m2\repository\com\fasterxml\jackson\dataformat\jackson-dataformat-yaml\2.13.3\jackson-dataformat-yaml-2.13.3.jar;C:\Users\Vinicius\.m2\repository\org\yaml\snakeyaml\1.30\snakeyaml-1.30.jar;C:\Users\Vinicius\.m2\repository\io\swagger\core\v3\swagger-models\2.2.1\swagger-models-2.2.1.jar;C:\Users\Vinicius\.m2\repository\io\swagger\core\v3\swagger-annotations\2.2.1\swagger-annotations-2.2.1.jar;C:\Users\Vinicius\.m2\repository\org\flywaydb\flyway-core\9.0.1\flyway-core-9.0.1.jar;C:\Users\Vinicius\.m2\repository\org\flywaydb\flyway-mysql\9.0.1\flyway-mysql-9.0.1.jar;C:\Users\Vinicius\.m2\repository\org\projectlombok\lombok\1.18.24\lombok-1.18.24.jar;C:\Users\Vinicius\.m2\repository\com\github\dozermapper\dozer-core\6.4.0\dozer-core-6.4.0.jar;C:\Users\Vinicius\.m2\repository\commons-beanutils\commons-beanutils\1.9.3\commons-beanutils-1.9.3.jar;C:\Users\Vinicius\.m2\repository\commons-collections\commons-collections\3.2.2\commons-collections-3.2.2.jar;C:\Users\Vinicius\.m2\repository\org\apache\commons\commons-lang3\3.12.0\commons-lang3-3.12.0.jar;C:\Users\Vinicius\.m2\repository\commons-io\commons-io\2.5\commons-io-2.5.jar;C:\Users\Vinicius\.m2\repository\javax\xml\bind\jaxb-api\2.2.11\jaxb-api-2.2.11.jar;C:\Users\Vinicius\.m2\repository\org\slf4j\jcl-over-slf4j\1.7.36\jcl-over-slf4j-1.7.36.jar;C:\Users\Vinicius\.m2\repository\org\objenesis\objenesis\2.6\objenesis-2.6.jar;C:\Users\Vinicius\.m2\repository\org\springframework\boot\spring-boot-starter-test\3.0.0-M4\spring-boot-starter-test-3.0.0-M4.jar;C:\Users\Vinicius\.m2\repository\org\springframework\boot\spring-boot-test\3.0.0-M4\spring-boot-test-3.0.0-M4.jar;C:\Users\Vinicius\.m2\repository\org\springframework\boot\spring-boot-test-autoconfigure\3.0.0-M4\spring-boot-test-autoconfigure-3.0.0-M4.jar;C:\Users\Vinicius\.m2\repository\jakarta\xml\bind\jakarta.xml.bind-api\3.0.1\jakarta.xml.bind-api-3.0.1.jar;C:\Users\Vinicius\.m2\repository\com\sun\activation\jakarta.activation\2.0.1\jakarta.activation-2.0.1.jar;C:\Users\Vinicius\.m2\repository\org\assertj\assertj-core\3.23.1\assertj-core-3.23.1.jar;C:\Users\Vinicius\.m2\repository\org\hamcrest\hamcrest\2.2\hamcrest-2.2.jar;C:\Users\Vinicius\.m2\repository\org\junit\jupiter\junit-jupiter\5.8.2\junit-jupiter-5.8.2.jar;C:\Users\Vinicius\.m2\repository\org\junit\jupiter\junit-jupiter-api\5.8.2\junit-jupiter-api-5.8.2.jar;C:\Users\Vinicius\.m2\repository\org\opentest4j\opentest4j\1.2.0\opentest4j-1.2.0.jar;C:\Users\Vinicius\.m2\repository\org\junit\platform\junit-platform-commons\1.8.2\junit-platform-commons-1.8.2.jar;C:\Users\Vinicius\.m2\repository\org\apiguardian\apiguardian-api\1.1.2\apiguardian-api-1.1.2.jar;C:\Users\Vinicius\.m2\repository\org\junit\jupiter\junit-jupiter-params\5.8.2\junit-jupiter-params-5.8.2.jar;C:\Users\Vinicius\.m2\repository\org\junit\jupiter\junit-jupiter-engine\5.8.2\junit-jupiter-engine-5.8.2.jar;C:\Users\Vinicius\.m2\repository\org\junit\platform\junit-platform-engine\1.8.2\junit-platform-engine-1.8.2.jar;C:\Users\Vinicius\.m2\repository\org\mockito\mockito-junit-jupiter\4.6.1\mockito-junit-jupiter-4.6.1.jar;C:\Users\Vinicius\.m2\repository\org\skyscreamer\jsonassert\1.5.1\jsonassert-1.5.1.jar;C:\Users\Vinicius\.m2\repository\com\vaadin\external\google\android-json\0.0.20131108.vaadin1\android-json-0.0.20131108.vaadin1.jar;C:\Users\Vinicius\.m2\repository\org\springframework\spring-test\6.0.0-M5\spring-test-6.0.0-M5.jar;C:\Users\Vinicius\.m2\repository\org\xmlunit\xmlunit-core\2.9.0\xmlunit-core-2.9.0.jar;C:\Users\Vinicius\.m2\repository\org\mockito\mockito-core\4.6.1\mockito-core-4.6.1.jar;C:\Users\Vinicius\.m2\repository\net\bytebuddy\byte-buddy\1.12.12\byte-buddy-1.12.12.jar;C:\Users\Vinicius\.m2\repository\net\bytebuddy\byte-buddy-agent\1.12.12\byte-buddy-agent-1.12.12.jar;C:\Users\Vinicius\.m2\repository\io\rest-assured\rest-assured\5.1.1\rest-assured-5.1.1.jar;C:\Users\Vinicius\.m2\repository\org\apache\groovy\groovy\4.0.3\groovy-4.0.3.jar;C:\Users\Vinicius\.m2\repository\org\apache\groovy\groovy-xml\4.0.3\groovy-xml-4.0.3.jar;C:\Users\Vinicius\.m2\repository\org\apache\httpcomponents\httpclient\4.5.13\httpclient-4.5.13.jar;C:\Users\Vinicius\.m2\repository\org\apache\httpcomponents\httpcore\4.4.15\httpcore-4.4.15.jar;C:\Users\Vinicius\.m2\repository\commons-codec\commons-codec\1.15\commons-codec-1.15.jar;C:\Users\Vinicius\.m2\repository\org\apache\httpcomponents\httpmime\4.5.13\httpmime-4.5.13.jar;C:\Users\Vinicius\.m2\repository\org\ccil\cowan\tagsoup\tagsoup\1.2.1\tagsoup-1.2.1.jar;C:\Users\Vinicius\.m2\repository\io\rest-assured\json-path\5.1.1\json-path-5.1.1.jar;C:\Users\Vinicius\.m2\repository\org\apache\groovy\groovy-json\4.0.3\groovy-json-4.0.3.jar;C:\Users\Vinicius\.m2\repository\io\rest-assured\rest-assured-common\5.1.1\rest-assured-common-5.1.1.jar;C:\Users\Vinicius\.m2\repository\io\rest-assured\xml-path\5.1.1\xml-path-5.1.1.jar;C:\Users\Vinicius\.m2\repository\org\testcontainers\mysql\1.17.2\mysql-1.17.2.jar;C:\Users\Vinicius\.m2\repository\org\testcontainers\jdbc\1.17.2\jdbc-1.17.2.jar;C:\Users\Vinicius\.m2\repository\org\testcontainers\database-commons\1.17.2\database-commons-1.17.2.jar;C:\Users\Vinicius\.m2\repository\org\testcontainers\testcontainers\1.17.2\testcontainers-1.17.2.jar;C:\Users\Vinicius\.m2\repository\junit\junit\4.13.2\junit-4.13.2.jar;C:\Users\Vinicius\.m2\repository\org\hamcrest\hamcrest-core\2.2\hamcrest-core-2.2.jar;C:\Users\Vinicius\.m2\repository\org\apache\commons\commons-compress\1.21\commons-compress-1.21.jar;C:\Users\Vinicius\.m2\repository\org\rnorth\duct-tape\duct-tape\1.0.8\duct-tape-1.0.8.jar;C:\Users\Vinicius\.m2\repository\org\jetbrains\annotations\17.0.0\annotations-17.0.0.jar;C:\Users\Vinicius\.m2\repository\com\github\docker-java\docker-java-api\3.2.13\docker-java-api-3.2.13.jar;C:\Users\Vinicius\.m2\repository\com\github\docker-java\docker-java-transport-zerodep\3.2.13\docker-java-transport-zerodep-3.2.13.jar;C:\Users\Vinicius\.m2\repository\com\github\docker-java\docker-java-transport\3.2.13\docker-java-transport-3.2.13.jar;C:\Users\Vinicius\.m2\repository\net\java\dev\jna\jna\5.8.0\jna-5.8.0.jar;"/>
    <property name="sun.cpu.endian" value="little"/>
    <property name="user.home" value="C:\Users\Vinicius"/>
    <property name="user.language" value="pt"/>
    <property name="java.specification.vendor" value="Oracle Corporation"/>
    <property name="java.version.date" value="2022-03-22"/>
    <property name="java.home" value="C:\Program Files\Java\jdk-18"/>
    <property name="file.separator" value="\"/>
    <property name="basedir" value="D:\ApplicationsJava\rest-with-spring-boot-and-java-erudio\22_DeploingOurAppToAWS\rest-with-spring-boot-and-java-erudio"/>
    <property name="java.vm.compressedOopsMode" value="Zero based"/>
    <property name="line.separator" value="&#10;"/>
    <property name="java.vm.specification.vendor" value="Oracle Corporation"/>
    <property name="java.specification.name" value="Java Platform API Specification"/>
    <property name="surefire.real.class.path" value="C:\Users\Vinicius\AppData\Local\Temp\surefire14889041272924943091\surefirebooter18271898611858205512.jar"/>
    <property name="user.script" value=""/>
    <property name="sun.management.compiler" value="HotSpot 64-Bit Tiered Compilers"/>
    <property name="java.runtime.version" value="18+36-2087"/>
    <property name="user.name" value="Vinicius"/>
    <property name="path.separator" value=";"/>
    <property name="os.version" value="10.0"/>
    <property name="java.runtime.name" value="Java(TM) SE Runtime Environment"/>
    <property name="file.encoding" value="UTF-8"/>
    <property name="java.vm.name" value="Java HotSpot(TM) 64-Bit Server VM"/>
    <property name="localRepository" value="C:\Users\Vinicius\.m2\repository"/>
    <property name="java.vendor.url.bug" value="https://bugreport.java.com/bugreport/"/>
    <property name="java.io.tmpdir" value="C:\Users\Vinicius\AppData\Local\Temp\"/>
    <property name="java.version" value="18"/>
    <property name="user.dir" value="D:\ApplicationsJava\rest-with-spring-boot-and-java-erudio\22_DeploingOurAppToAWS\rest-with-spring-boot-and-java-erudio"/>
    <property name="os.arch" value="amd64"/>
    <property name="java.vm.specification.name" value="Java Virtual Machine Specification"/>
    <property name="sun.os.patch.level" value=""/>
    <property name="native.encoding" value="Cp1252"/>
    <property name="java.library.path" value="C:\Program Files\Java\jdk-18\bin;C:\WINDOWS\Sun\Java\bin;C:\WINDOWS\system32;C:\WINDOWS;C:\Program Files\Common Files\Oracle\Java\javapath;C:\WINDOWS\system32;C:\WINDOWS;C:\WINDOWS\System32\Wbem;C:\WINDOWS\System32\WindowsPowerShell\v1.0\;C:\WINDOWS\System32\OpenSSH\;C:\Program Files\Git\cmd;C:\Program Files\Java\jdk-18\bin;;C:\Program Files\Docker\Docker\resources\bin;C:\Users\Vinicius\AppData\Local\Microsoft\WindowsApps;C:\apache-maven-3.9.0\bin;C:\Users\Vinicius\AppData\Local\GitHubDesktop\bin;."/>
    <property name="java.vm.info" value="mixed mode, sharing"/>
    <property name="java.vendor" value="Oracle Corporation"/>
    <property name="java.vm.version" value="18+36-2087"/>
    <property name="sun.io.unicode.encoding" value="UnicodeLittle"/>
    <property name="java.class.version" value="62.0"/>
  </properties>
  <testcase name="authorization" classname="br.com.erudio.integrationtests.controller.withyaml.BookControllerYamlTest" time="0.339"/>
  <testcase name="testCreate" classname="br.com.erudio.integrationtests.controller.withyaml.BookControllerYamlTest" time="0.049"/>
  <testcase name="testUpdate" classname="br.com.erudio.integrationtests.controller.withyaml.BookControllerYamlTest" time="0.043"/>
  <testcase name="testFindById" classname="br.com.erudio.integrationtests.controller.withyaml.BookControllerYamlTest" time="0.037"/>
  <testcase name="testDelete" classname="br.com.erudio.integrationtests.controller.withyaml.BookControllerYamlTest" time="0.045"/>
  <testcase name="testFindAll" classname="br.com.erudio.integrationtests.controller.withyaml.BookControllerYamlTest" time="0.056"/>
  <testcase name="testHATEOAS" classname="br.com.erudio.integrationtests.controller.withyaml.BookControllerYamlTest" time="0.052"/>
</testsuite>